info @storybook/react v6.1.18
info 
info => Cleaning outputDir /var/folders/dp/tqq150n57zqcc93lyfn17jm40000gn/T/chromatic--71700-fXwTk6Ilg46u
info => Building manager..
info => Loading manager config..
info => Loading presets
ERR! Addon value should end in /register OR it should be a valid preset https://storybook.js.org/docs/presets/introduction/
ERR! @storybook/addon-knobs
info => Compiling manager..
info => Manager built (12 s)
info => Building preview..
info => Loading preview config..
info => Loading presets
ERR! Addon value should end in /register OR it should be a valid preset https://storybook.js.org/docs/presets/introduction/
ERR! @storybook/addon-knobs
info => Loading 1 config file in "./.storybook"
info => Loading 7 other files in "./.storybook"
info => Adding stories defined in ".storybook/main.js"
info => Using default Webpack setup
info => Compiling preview..
<s> [webpack.Progress] 0% compiling
<s> [webpack.Progress] 10% building 0/0 modules 0 active 
<s> [webpack.Progress] 10% building 0/1 modules 1 active multi /Users/2020-no-97/Desktop/Practice/MigrationTest/node_modules/@storybook/core/dist/server/common/polyfills.js /Users/2020-no-97/Desktop/Practice/MigrationTest/node_modules/@storybook/core/dist/server/preview/globals.js /Users/2020-no-97/Desktop/Practice/MigrationTest/.storybook/storybook-init-framework-entry.js /Users/2020-no-97/Desktop/Practice/MigrationTest/node_modules/@storybook/addon-docs/dist/frameworks/common/config.js-generated-other-entry.js /Users/2020-no-97/Desktop/Practice/MigrationTest/node_modules/@storybook/addon-docs/dist/frameworks/react/config.js-generated-other-entry.js /Users/2020-no-97/Desktop/Practice/MigrationTest/node_modules/@storybook/addon-links/dist/preset/addDecorator.js-generated-other-entry.js /Users/2020-no-97/Desktop/Practice/MigrationTest/node_modules/@storybook/addon-actions/dist/preset/addDecorator.js-generated-other-entry.js /Users/2020-no-97/Desktop/Practice/MigrationTest/node_modules/@storybook/addon-actions/dist/preset/addArgs.js-generated-other-entry.js /Users/2020-no-97/Desktop/Practice/MigrationTest/node_modules/@storybook/addon-backgrounds/dist/preset/addDecorator.js-generated-other-entry.js /Users/2020-no-97/Desktop/Practice/MigrationTest/node_modules/@storybook/addon-backgrounds/dist/preset/addParameter.js-generated-other-entry.js /Users/2020-no-97/Desktop/Practice/MigrationTest/.storybook/preview.js-generated-config-entry.js /Users/2020-no-97/Desktop/Practice/MigrationTest/.storybook/generated-stories-entry.js
<s> [webpack.Progress] 10% building 1/1 modules 0 active 
<s> [webpack.Progress] 10% building 1/2 modules 1 active /Users/2020-no-97/Desktop/Practice/MigrationTest/node_modules/babel-loader/lib/index.js??ref--4-0!/Users/2020-no-97/Desktop/Practice/MigrationTest/.storybook/storybook-init-framework-entry.js
<s> [webpack.Progress] 10% building 1/3 modules 2 active /Users/2020-no-97/Desktop/Practice/MigrationTest/node_modules/babel-loader/lib/index.js??ref--4-0!/Users/2020-no-97/Desktop/Practice/MigrationTest/.storybook/preview.js-generated-config-entry.js
<s> [webpack.Progress] 10% building 1/4 modules 3 active /Users/2020-no-97/Desktop/Practice/MigrationTest/node_modules/babel-loader/lib/index.js??ref--4-0!/Users/2020-no-97/Desktop/Practice/MigrationTest/.storybook/generated-stories-entry.js
<s> [webpack.Progress] 10% building 1/5 modules 4 active /Users/2020-no-97/Desktop/Practice/MigrationTest/node_modules/@storybook/addon-backgrounds/dist/preset/addDecorator.js-generated-other-entry.js
<s> [webpack.Progress] 10% building 1/6 modules 5 active /Users/2020-no-97/Desktop/Practice/MigrationTest/node_modules/@storybook/addon-backgrounds/dist/preset/addParameter.js-generated-other-entry.js
<s> [webpack.Progress] 10% building 1/7 modules 6 active /Users/2020-no-97/Desktop/Practice/MigrationTest/node_modules/@storybook/addon-actions/dist/preset/addDecorator.js-generated-other-entry.js
<s> [webpack.Progress] 10% building 1/8 modules 7 active /Users/2020-no-97/Desktop/Practice/MigrationTest/node_modules/@storybook/addon-actions/dist/preset/addArgs.js-generated-other-entry.js
<s> [webpack.Progress] 10% building 1/9 modules 8 active /Users/2020-no-97/Desktop/Practice/MigrationTest/node_modules/@storybook/addon-links/dist/preset/addDecorator.js-generated-other-entry.js
<s> [webpack.Progress] 10% building 1/10 modules 9 active /Users/2020-no-97/Desktop/Practice/MigrationTest/node_modules/@storybook/addon-docs/dist/frameworks/common/config.js-generated-other-entry.js
<s> [webpack.Progress] 10% building 1/11 modules 10 active /Users/2020-no-97/Desktop/Practice/MigrationTest/node_modules/@storybook/addon-docs/dist/frameworks/react/config.js-generated-other-entry.js
<s> [webpack.Progress] 10% building 2/11 modules 9 active /Users/2020-no-97/Desktop/Practice/MigrationTest/node_modules/@storybook/addon-docs/dist/frameworks/react/config.js-generated-other-entry.js
<s> [webpack.Progress] 10% building 3/11 modules 8 active /Users/2020-no-97/Desktop/Practice/MigrationTest/node_modules/@storybook/addon-docs/dist/frameworks/react/config.js-generated-other-entry.js
<s> [webpack.Progress] 10% building 4/11 modules 7 active /Users/2020-no-97/Desktop/Practice/MigrationTest/node_modules/@storybook/addon-docs/dist/frameworks/react/config.js-generated-other-entry.js
<s> [webpack.Progress] 10% building 5/11 modules 6 active /Users/2020-no-97/Desktop/Practice/MigrationTest/node_modules/@storybook/addon-docs/dist/frameworks/react/config.js-generated-other-entry.js
<s> [webpack.Progress] 10% building 6/11 modules 5 active /Users/2020-no-97/Desktop/Practice/MigrationTest/node_modules/@storybook/addon-docs/dist/frameworks/react/config.js-generated-other-entry.js
<s> [webpack.Progress] 10% building 7/11 modules 4 active /Users/2020-no-97/Desktop/Practice/MigrationTest/node_modules/@storybook/addon-docs/dist/frameworks/react/config.js-generated-other-entry.js
<s> [webpack.Progress] 10% building 8/11 modules 3 active /Users/2020-no-97/Desktop/Practice/MigrationTest/node_modules/babel-loader/lib/index.js??ref--4-0!/Users/2020-no-97/Desktop/Practice/MigrationTest/.storybook/generated-stories-entry.js
<s> [webpack.Progress] 10% building 8/12 modules 4 active /Users/2020-no-97/Desktop/Practice/MigrationTest/node_modules/@storybook/core/dist/server/preview/globals.js
<s> [webpack.Progress] 10% building 8/13 modules 5 active /Users/2020-no-97/Desktop/Practice/MigrationTest/node_modules/@storybook/core/dist/server/common/polyfills.js
<s> [webpack.Progress] 10% building 8/14 modules 6 active /Users/2020-no-97/Desktop/Practice/MigrationTest/node_modules/@storybook/addon-backgrounds/dist/preset/addDecorator.js
<s> [webpack.Progress] 10% building 8/15 modules 7 active /Users/2020-no-97/Desktop/Practice/MigrationTest/node_modules/@storybook/addon-backgrounds/dist/preset/addParameter.js
<s> [webpack.Progress] 10% building 8/16 modules 8 active /Users/2020-no-97/Desktop/Practice/MigrationTest/node_modules/@storybook/addon-actions/dist/preset/addArgs.js
<s> [webpack.Progress] 10% building 8/17 modules 9 active /Users/2020-no-97/Desktop/Practice/MigrationTest/node_modules/@storybook/addon-actions/dist/preset/addDecorator.js
<s> [webpack.Progress] 10% building 8/18 modules 10 active /Users/2020-no-97/Desktop/Practice/MigrationTest/node_modules/@storybook/addon-links/dist/preset/addDecorator.js
<s> [webpack.Progress] 10% building 8/19 modules 11 active /Users/2020-no-97/Desktop/Practice/MigrationTest/node_modules/@storybook/addon-docs/dist/frameworks/common/config.js
<s> [webpack.Progress] 10% building 8/20 modules 12 active /Users/2020-no-97/Desktop/Practice/MigrationTest/node_modules/@storybook/addon-docs/dist/frameworks/react/config.js
<s> [webpack.Progress] 11% building 9/20 modules 11 active /Users/2020-no-97/Desktop/Practice/MigrationTest/node_modules/@storybook/addon-docs/dist/frameworks/react/config.js
<s> [webpack.Progress] 11% building 10/20 modules 10 active /Users/2020-no-97/Desktop/Practice/MigrationTest/node_modules/@storybook/addon-docs/dist/frameworks/react/config.js
<s> [webpack.Progress] 11% building 11/20 modules 9 active /Users/2020-no-97/Desktop/Practice/MigrationTest/node_modules/@storybook/addon-docs/dist/frameworks/react/config.js
<s> [webpack.Progress] 11% building 12/20 modules 8 active /Users/2020-no-97/Desktop/Practice/MigrationTest/node_modules/@storybook/addon-docs/dist/frameworks/react/config.js
<s> [webpack.Progress] 11% building 13/20 modules 7 active /Users/2020-no-97/Desktop/Practice/MigrationTest/node_modules/@storybook/addon-docs/dist/frameworks/react/config.js
<s> [webpack.Progress] 11% building 14/20 modules 6 active /Users/2020-no-97/Desktop/Practice/MigrationTest/node_modules/@storybook/addon-docs/dist/frameworks/react/config.js
<s> [webpack.Progress] 11% building 15/20 modules 5 active /Users/2020-no-97/Desktop/Practice/MigrationTest/node_modules/@storybook/addon-docs/dist/frameworks/react/config.js
<s> [webpack.Progress] 11% building 16/20 modules 4 active /Users/2020-no-97/Desktop/Practice/MigrationTest/node_modules/@storybook/addon-docs/dist/frameworks/react/config.js
<s> [webpack.Progress] 12% building 17/20 modules 3 active /Users/2020-no-97/Desktop/Practice/MigrationTest/node_modules/@storybook/addon-docs/dist/frameworks/react/config.js
<s> [webpack.Progress] 12% building 18/20 modules 2 active /Users/2020-no-97/Desktop/Practice/MigrationTest/node_modules/@storybook/addon-docs/dist/frameworks/react/config.js
<s> [webpack.Progress] 12% building 19/20 modules 1 active /Users/2020-no-97/Desktop/Practice/MigrationTest/node_modules/@storybook/addon-docs/dist/frameworks/react/config.js
<s> [webpack.Progress] 12% building 20/20 modules 0 active 
<s> [webpack.Progress] 12% building 20/21 modules 1 active /Users/2020-no-97/Desktop/Practice/MigrationTest/stories sync /^\.(?:(?:^|\/|(?:(?:(?!(?:^|\/)\.).)*?)\/)(?!\.)(?=.)[^/]*?\.stories\.mdx)$/
<s> [webpack.Progress] 12% building 20/22 modules 2 active /Users/2020-no-97/Desktop/Practice/MigrationTest/stories sync /^\.(?:(?:^|\/|(?:(?:(?!(?:^|\/)\.).)*?)\/)(?!\.)(?=.)[^/]*?\.stories\.(js|jsx|ts|tsx))$/
<s> [webpack.Progress] 12% building 20/23 modules 3 active /Users/2020-no-97/Desktop/Practice/MigrationTest/node_modules/babel-loader/lib/index.js??ref--4-0!/Users/2020-no-97/Desktop/Practice/MigrationTest/.storybook/preview.js
<s> [webpack.Progress] 12% building 21/23 modules 2 active /Users/2020-no-97/Desktop/Practice/MigrationTest/node_modules/babel-loader/lib/index.js??ref--4-0!/Users/2020-no-97/Desktop/Practice/MigrationTest/.storybook/preview.js
<s> [webpack.Progress] 12% building 22/23 modules 1 active /Users/2020-no-97/Desktop/Practice/MigrationTest/node_modules/babel-loader/lib/index.js??ref--4-0!/Users/2020-no-97/Desktop/Practice/MigrationTest/.storybook/preview.js
<s> [webpack.Progress] 12% building 22/24 modules 2 active /Users/2020-no-97/Desktop/Practice/MigrationTest/node_modules/@storybook/addon-links/dist/index.js
<s> [webpack.Progress] 12% building 22/25 modules 3 active /Users/2020-no-97/Desktop/Practice/MigrationTest/node_modules/@storybook/addon-docs/dist/frameworks/common/enhanceArgTypes.js
<s> [webpack.Progress] 12% building 22/26 modules 4 active /Users/2020-no-97/Desktop/Practice/MigrationTest/node_modules/@storybook/addon-actions/dist/index.js
<s> [webpack.Progress] 12% building 22/27 modules 5 active /Users/2020-no-97/Desktop/Practice/MigrationTest/node_modules/@storybook/addon-docs/dist/frameworks/react/extractArgTypes.js
<s> [webpack.Progress] 12% building 22/28 modules 6 active /Users/2020-no-97/Desktop/Practice/MigrationTest/node_modules/@storybook/addon-docs/dist/frameworks/react/jsxDecorator.js
<s> [webpack.Progress] 12% building 22/29 modules 7 active /Users/2020-no-97/Desktop/Practice/MigrationTest/node_modules/webpack/buildin/module.js
<s> [webpack.Progress] 12% building 23/29 modules 6 active /Users/2020-no-97/Desktop/Practice/MigrationTest/node_modules/webpack/buildin/module.js
<s> [webpack.Progress] 12% building 24/29 modules 5 active /Users/2020-no-97/Desktop/Practice/MigrationTest/node_modules/webpack/buildin/module.js
<s> [webpack.Progress] 13% building 25/29 modules 4 active /Users/2020-no-97/Desktop/Practice/MigrationTest/node_modules/webpack/buildin/module.js
<s> [webpack.Progress] 13% building 26/29 modules 3 active /Users/2020-no-97/Desktop/Practice/MigrationTest/node_modules/webpack/buildin/module.js
<s> [webpack.Progress] 13% building 27/29 modules 2 active /Users/2020-no-97/Desktop/Practice/MigrationTest/node_modules/webpack/buildin/module.js
<s> [webpack.Progress] 13% building 28/29 modules 1 active /Users/2020-no-97/Desktop/Practice/MigrationTest/node_modules/webpack/buildin/module.js
<s> [webpack.Progress] 13% building 29/29 modules 0 active 
<s> [webpack.Progress] 13% building 29/30 modules 1 active /Users/2020-no-97/Desktop/Practice/MigrationTest/node_modules/babel-loader/lib/index.js??ref--8-0!/Users/2020-no-97/Desktop/Practice/MigrationTest/node_modules/@mdx-js/loader/index.js??ref--8-1!/Users/2020-no-97/Desktop/Practice/MigrationTest/stories/Introduction.stories.mdx
<s> [webpack.Progress] 13% building 29/31 modules 2 active /Users/2020-no-97/Desktop/Practice/MigrationTest/node_modules/babel-loader/lib/index.js??ref--4-0!/Users/2020-no-97/Desktop/Practice/MigrationTest/node_modules/@storybook/source-loader/dist/index.js??ref--10!/Users/2020-no-97/Desktop/Practice/MigrationTest/stories/Button.stories.tsx
<s> [webpack.Progress] 13% building 29/32 modules 3 active /Users/2020-no-97/Desktop/Practice/MigrationTest/node_modules/babel-loader/lib/index.js??ref--4-0!/Users/2020-no-97/Desktop/Practice/MigrationTest/node_modules/@storybook/source-loader/dist/index.js??ref--10!/Users/2020-no-97/Desktop/Practice/MigrationTest/stories/Header.stories.tsx
<s> [webpack.Progress] 13% building 29/33 modules 4 active /Users/2020-no-97/Desktop/Practice/MigrationTest/node_modules/babel-loader/lib/index.js??ref--4-0!/Users/2020-no-97/Desktop/Practice/MigrationTest/node_modules/@storybook/source-loader/dist/index.js??ref--10!/Users/2020-no-97/Desktop/Practice/MigrationTest/stories/Page.stories.tsx
<s> [webpack.Progress] 13% building 29/34 modules 5 active /Users/2020-no-97/Desktop/Practice/MigrationTest/node_modules/babel-loader/lib/index.js??ref--4-0!/Users/2020-no-97/Desktop/Practice/MigrationTest/node_modules/@storybook/source-loader/dist/index.js??ref--10!/Users/2020-no-97/Desktop/Practice/MigrationTest/stories/button/NormalButton.stories.tsx
<s> [webpack.Progress] 13% building 29/35 modules 6 active /Users/2020-no-97/Desktop/Practice/MigrationTest/node_modules/babel-loader/lib/index.js??ref--4-0!/Users/2020-no-97/Desktop/Practice/MigrationTest/node_modules/@storybook/source-loader/dist/index.js??ref--10!/Users/2020-no-97/Desktop/Practice/MigrationTest/stories/button/Primary.stories.tsx
<s> [webpack.Progress] 13% building 29/36 modules 7 active /Users/2020-no-97/Desktop/Practice/MigrationTest/node_modules/babel-loader/lib/index.js??ref--4-0!/Users/2020-no-97/Desktop/Practice/MigrationTest/node_modules/@storybook/source-loader/dist/index.js??ref--10!/Users/2020-no-97/Desktop/Practice/MigrationTest/stories/button/PrimaryButton.stories.tsx
<s> [webpack.Progress] 13% building 29/37 modules 8 active /Users/2020-no-97/Desktop/Practice/MigrationTest/node_modules/@storybook/addon-actions/node_modules/core-js/modules/es.regexp.exec.js
<s> [webpack.Progress] 13% building 29/38 modules 9 active /Users/2020-no-97/Desktop/Practice/MigrationTest/node_modules/@storybook/addon-actions/node_modules/core-js/modules/es.regexp.constructor.js
<s> [webpack.Progress] 13% building 29/39 modules 10 active /Users/2020-no-97/Desktop/Practice/MigrationTest/node_modules/@storybook/addon-actions/node_modules/core-js/modules/es.object.assign.js
<s> [webpack.Progress] 13% building 29/40 modules 11 active /Users/2020-no-97/Desktop/Practice/MigrationTest/node_modules/@storybook/addon-actions/node_modules/core-js/modules/es.regexp.to-string.js
<s> [webpack.Progress] 13% building 29/41 modules 12 active /Users/2020-no-97/Desktop/Practice/MigrationTest/node_modules/@storybook/addon-actions/dist/constants.js
<s> [webpack.Progress] 13% building 29/42 modules 13 active /Users/2020-no-97/Desktop/Practice/MigrationTest/node_modules/@storybook/addon-links/dist/preview.js
<s> [webpack.Progress] 13% building 29/43 modules 14 active /Users/2020-no-97/Desktop/Practice/MigrationTest/node_modules/@storybook/client-api/dist/index.js
<s> [webpack.Progress] 13% building 29/44 modules 15 active /Users/2020-no-97/Desktop/Practice/MigrationTest/node_modules/@storybook/client-logger/dist/index.js
<s> [webpack.Progress] 13% building 29/45 modules 16 active /Users/2020-no-97/Desktop/Practice/MigrationTest/node_modules/@storybook/addon-docs/dist/frameworks/common/normalizeArgTypes.js
<s> [webpack.Progress] 13% building 29/46 modules 17 active /Users/2020-no-97/Desktop/Practice/MigrationTest/node_modules/@storybook/addon-docs/dist/frameworks/react/extractProps.js
<s> [webpack.Progress] 13% building 29/47 modules 18 active /Users/2020-no-97/Desktop/Practice/MigrationTest/node_modules/@storybook/addon-docs/dist/shared.js
<s> [webpack.Progress] 13% building 29/48 modules 19 active /Users/2020-no-97/Desktop/Practice/MigrationTest/node_modules/regenerator-runtime/runtime.js
<s> [webpack.Progress] 13% building 30/48 modules 18 active /Users/2020-no-97/Desktop/Practice/MigrationTest/node_modules/regenerator-runtime/runtime.js
<s> [webpack.Progress] 13% building 31/48 modules 17 active /Users/2020-no-97/Desktop/Practice/MigrationTest/node_modules/regenerator-runtime/runtime.js
<s> [webpack.Progress] 13% building 32/48 modules 16 active /Users/2020-no-97/Desktop/Practice/MigrationTest/node_modules/regenerator-runtime/runtime.js
<s> [webpack.Progress] 13% building 32/49 modules 17 active /Users/2020-no-97/Desktop/Practice/MigrationTest/node_modules/lodash/mapValues.js
<s> [webpack.Progress] 13% building 33/49 modules 16 active /Users/2020-no-97/Desktop/Practice/MigrationTest/node_modules/lodash/mapValues.js
<s> [webpack.Progress] 14% building 34/49 modules 15 active /Users/2020-no-97/Desktop/Practice/MigrationTest/node_modules/lodash/mapValues.js
<s> [webpack.Progress] 70% building 34/49 modules 15 active /Users/2020-no-97/Desktop/Practice/MigrationTest/node_modules/lodash/mapValues.js
ERR! => Failed to build the preview
ERR! Module not found: Error: Can't resolve 'core-js/modules/es.symbol.js' in '/Users/2020-no-97/Desktop/Practice/MigrationTest/.storybook'
ERR! ModuleNotFoundError: Module not found: Error: Can't resolve 'core-js/modules/es.symbol.js' in '/Users/2020-no-97/Desktop/Practice/MigrationTest/.storybook'
ERR!     at /Users/2020-no-97/Desktop/Practice/MigrationTest/node_modules/webpack/lib/Compilation.js:925:10
ERR!     at /Users/2020-no-97/Desktop/Practice/MigrationTest/node_modules/webpack/lib/NormalModuleFactory.js:401:22
ERR!     at /Users/2020-no-97/Desktop/Practice/MigrationTest/node_modules/webpack/lib/NormalModuleFactory.js:130:21
ERR!     at /Users/2020-no-97/Desktop/Practice/MigrationTest/node_modules/webpack/lib/NormalModuleFactory.js:224:22
ERR!     at /Users/2020-no-97/Desktop/Practice/MigrationTest/node_modules/neo-async/async.js:2830:7
ERR!     at /Users/2020-no-97/Desktop/Practice/MigrationTest/node_modules/neo-async/async.js:6877:13
ERR!     at /Users/2020-no-97/Desktop/Practice/MigrationTest/node_modules/webpack/lib/NormalModuleFactory.js:214:25
ERR!     at /Users/2020-no-97/Desktop/Practice/MigrationTest/node_modules/enhanced-resolve/lib/Resolver.js:213:14
ERR!     at /Users/2020-no-97/Desktop/Practice/MigrationTest/node_modules/enhanced-resolve/lib/Resolver.js:285:5
ERR!     at eval (eval at create (/Users/2020-no-97/Desktop/Practice/MigrationTest/node_modules/tapable/lib/HookCodeFactory.js:33:10), <anonymous>:15:1)
ERR!     at /Users/2020-no-97/Desktop/Practice/MigrationTest/node_modules/enhanced-resolve/lib/UnsafeCachePlugin.js:44:7
ERR!     at /Users/2020-no-97/Desktop/Practice/MigrationTest/node_modules/enhanced-resolve/lib/Resolver.js:285:5
ERR!     at eval (eval at create (/Users/2020-no-97/Desktop/Practice/MigrationTest/node_modules/tapable/lib/HookCodeFactory.js:33:10), <anonymous>:15:1)
ERR!     at /Users/2020-no-97/Desktop/Practice/MigrationTest/node_modules/enhanced-resolve/lib/Resolver.js:285:5
ERR!     at eval (eval at create (/Users/2020-no-97/Desktop/Practice/MigrationTest/node_modules/tapable/lib/HookCodeFactory.js:33:10), <anonymous>:27:1)
ERR!     at /Users/2020-no-97/Desktop/Practice/MigrationTest/node_modules/enhanced-resolve/lib/DescriptionFilePlugin.js:67:43
ERR!  ModuleNotFoundError: Module not found: Error: Can't resolve 'core-js/modules/es.symbol.js' in '/Users/2020-no-97/Desktop/Practice/MigrationTest/.storybook'
ERR!     at /Users/2020-no-97/Desktop/Practice/MigrationTest/node_modules/webpack/lib/Compilation.js:925:10
ERR!     at /Users/2020-no-97/Desktop/Practice/MigrationTest/node_modules/webpack/lib/NormalModuleFactory.js:401:22
ERR!     at /Users/2020-no-97/Desktop/Practice/MigrationTest/node_modules/webpack/lib/NormalModuleFactory.js:130:21
ERR!     at /Users/2020-no-97/Desktop/Practice/MigrationTest/node_modules/webpack/lib/NormalModuleFactory.js:224:22
ERR!     at /Users/2020-no-97/Desktop/Practice/MigrationTest/node_modules/neo-async/async.js:2830:7
ERR!     at /Users/2020-no-97/Desktop/Practice/MigrationTest/node_modules/neo-async/async.js:6877:13
ERR!     at /Users/2020-no-97/Desktop/Practice/MigrationTest/node_modules/webpack/lib/NormalModuleFactory.js:214:25
ERR!     at /Users/2020-no-97/Desktop/Practice/MigrationTest/node_modules/enhanced-resolve/lib/Resolver.js:213:14
ERR!     at /Users/2020-no-97/Desktop/Practice/MigrationTest/node_modules/enhanced-resolve/lib/Resolver.js:285:5
ERR!     at eval (eval at create (/Users/2020-no-97/Desktop/Practice/MigrationTest/node_modules/tapable/lib/HookCodeFactory.js:33:10), <anonymous>:15:1)
ERR!     at /Users/2020-no-97/Desktop/Practice/MigrationTest/node_modules/enhanced-resolve/lib/UnsafeCachePlugin.js:44:7
ERR!     at /Users/2020-no-97/Desktop/Practice/MigrationTest/node_modules/enhanced-resolve/lib/Resolver.js:285:5
ERR!     at eval (eval at create (/Users/2020-no-97/Desktop/Practice/MigrationTest/node_modules/tapable/lib/HookCodeFactory.js:33:10), <anonymous>:15:1)
ERR!     at /Users/2020-no-97/Desktop/Practice/MigrationTest/node_modules/enhanced-resolve/lib/Resolver.js:285:5
ERR!     at eval (eval at create (/Users/2020-no-97/Desktop/Practice/MigrationTest/node_modules/tapable/lib/HookCodeFactory.js:33:10), <anonymous>:27:1)
ERR!     at /Users/2020-no-97/Desktop/Practice/MigrationTest/node_modules/enhanced-resolve/lib/DescriptionFilePlugin.js:67:43
ERR! resolve 'core-js/modules/es.symbol.js' in '/Users/2020-no-97/Desktop/Practice/MigrationTest/.storybook'
ERR!   Parsed request is a module
ERR!   using description file: /Users/2020-no-97/Desktop/Practice/MigrationTest/package.json (relative path: ./.storybook)
ERR!     Field 'browser' doesn't contain a valid alias configuration
ERR!     resolve as module
ERR!       /Users/2020-no-97/Desktop/Practice/MigrationTest/.storybook/node_modules doesn't exist or is not a directory
ERR!       /Users/2020-no-97/Desktop/Practice/node_modules doesn't exist or is not a directory
ERR!       /Users/2020-no-97/Desktop/node_modules doesn't exist or is not a directory
ERR!       /Users/2020-no-97/node_modules doesn't exist or is not a directory
ERR!       /Users/node_modules doesn't exist or is not a directory
ERR!       /node_modules doesn't exist or is not a directory
ERR!       looking for modules in /Users/2020-no-97/Desktop/Practice/MigrationTest/node_modules
ERR!         using description file: /Users/2020-no-97/Desktop/Practice/MigrationTest/package.json (relative path: ./node_modules)
ERR!           Field 'browser' doesn't contain a valid alias configuration
ERR!           using description file: /Users/2020-no-97/Desktop/Practice/MigrationTest/node_modules/core-js/package.json (relative path: ./modules/es.symbol.js)
ERR!             no extension
ERR!               Field 'browser' doesn't contain a valid alias configuration
ERR!               /Users/2020-no-97/Desktop/Practice/MigrationTest/node_modules/core-js/modules/es.symbol.js doesn't exist
ERR!             .mjs
ERR!               Field 'browser' doesn't contain a valid alias configuration
ERR!               /Users/2020-no-97/Desktop/Practice/MigrationTest/node_modules/core-js/modules/es.symbol.js.mjs doesn't exist
ERR!             .js
ERR!               Field 'browser' doesn't contain a valid alias configuration
ERR!               /Users/2020-no-97/Desktop/Practice/MigrationTest/node_modules/core-js/modules/es.symbol.js.js doesn't exist
ERR!             .jsx
ERR!               Field 'browser' doesn't contain a valid alias configuration
ERR!               /Users/2020-no-97/Desktop/Practice/MigrationTest/node_modules/core-js/modules/es.symbol.js.jsx doesn't exist
ERR!             .ts
ERR!               Field 'browser' doesn't contain a valid alias configuration
ERR!               /Users/2020-no-97/Desktop/Practice/MigrationTest/node_modules/core-js/modules/es.symbol.js.ts doesn't exist
ERR!             .tsx
ERR!               Field 'browser' doesn't contain a valid alias configuration
ERR!               /Users/2020-no-97/Desktop/Practice/MigrationTest/node_modules/core-js/modules/es.symbol.js.tsx doesn't exist
ERR!             .json
ERR!               Field 'browser' doesn't contain a valid alias configuration
ERR!               /Users/2020-no-97/Desktop/Practice/MigrationTest/node_modules/core-js/modules/es.symbol.js.json doesn't exist
ERR!             .cjs
ERR!               Field 'browser' doesn't contain a valid alias configuration
ERR!               /Users/2020-no-97/Desktop/Practice/MigrationTest/node_modules/core-js/modules/es.symbol.js.cjs doesn't exist
ERR!             .ts
ERR!               Field 'browser' doesn't contain a valid alias configuration
ERR!               /Users/2020-no-97/Desktop/Practice/MigrationTest/node_modules/core-js/modules/es.symbol.js.ts doesn't exist
ERR!             .tsx
ERR!               Field 'browser' doesn't contain a valid alias configuration
ERR!               /Users/2020-no-97/Desktop/Practice/MigrationTest/node_modules/core-js/modules/es.symbol.js.tsx doesn't exist
ERR!             as directory
ERR!               /Users/2020-no-97/Desktop/Practice/MigrationTest/node_modules/core-js/modules/es.symbol.js doesn't exist
